This file contains any messages produced by compilers while
running configure, to aid debugging if configure makes a mistake.

It was created by configure, which was
generated by GNU Autoconf 2.69.  Invocation command line was

  $ ./configure --host=arm-none-linux-gnueabi

## --------- ##
## Platform. ##
## --------- ##

hostname = pa-00011163-linux-barmstrong
uname -m = x86_64
uname -r = 3.9.2-200.fc18.x86_64
uname -s = Linux
uname -v = #1 SMP Mon May 13 13:59:47 UTC 2013

/usr/bin/uname -p = x86_64
/bin/uname -X     = unknown

/bin/arch              = x86_64
/usr/bin/arch -k       = unknown
/usr/convex/getsysinfo = unknown
/usr/bin/hostinfo      = unknown
/bin/machine           = unknown
/usr/bin/oslevel       = unknown
/bin/universe          = unknown

PATH: /usr/lib64/qt-3.3/bin
PATH: /usr/local/bin
PATH: /usr/bin
PATH: /bin
PATH: /usr/local/sbin
PATH: /usr/sbin
PATH: /home/brian/.gem/ruby/1.8/bin
PATH: /opt/nginx/sbin
PATH: /home/brian/bin
PATH: /home/brian/AndroidDevTools/sdk/platform-tools
PATH: /home/brian/AndroidDevTools/sdk/tools
PATH: /home/brian/.gem/ruby/1.8/bin
PATH: /opt/nginx/sbin
PATH: /home/brian/bin
PATH: /home/brian/AndroidDevTools/sdk/platform-tools
PATH: /home/brian/AndroidDevTools/sdk/tools


## ----------- ##
## Core tests. ##
## ----------- ##

configure:2468: checking build system type
configure:2482: result: x86_64-unknown-linux-gnu
configure:2502: checking host system type
configure:2515: result: arm-none-linux-gnueabi
configure:2608: checking for arm-none-linux-gnueabi-gcc
configure:2638: result: no
configure:2648: checking for gcc
configure:2664: found /usr/bin/gcc
configure:2675: result: gcc
configure:2904: checking for C compiler version
configure:2913: gcc --version >&5
gcc (GCC) 4.7.2 20121109 (Red Hat 4.7.2-8)
Copyright (C) 2012 Free Software Foundation, Inc.
This is free software; see the source for copying conditions.  There is NO
warranty; not even for MERCHANTABILITY or FITNESS FOR A PARTICULAR PURPOSE.

configure:2924: $? = 0
configure:2913: gcc -v >&5
Using built-in specs.
COLLECT_GCC=gcc
COLLECT_LTO_WRAPPER=/usr/libexec/gcc/x86_64-redhat-linux/4.7.2/lto-wrapper
Target: x86_64-redhat-linux
Configured with: ../configure --prefix=/usr --mandir=/usr/share/man --infodir=/usr/share/info --with-bugurl=http://bugzilla.redhat.com/bugzilla --enable-bootstrap --enable-shared --enable-threads=posix --enable-checking=release --disable-build-with-cxx --disable-build-poststage1-with-cxx --with-system-zlib --enable-__cxa_atexit --disable-libunwind-exceptions --enable-gnu-unique-object --enable-linker-build-id --with-linker-hash-style=gnu --enable-languages=c,c++,objc,obj-c++,java,fortran,ada,go,lto --enable-plugin --enable-initfini-array --enable-java-awt=gtk --disable-dssi --with-java-home=/usr/lib/jvm/java-1.5.0-gcj-1.5.0.0/jre --enable-libgcj-multifile --enable-java-maintainer-mode --with-ecj-jar=/usr/share/java/eclipse-ecj.jar --disable-libjava-multilib --with-ppl --with-cloog --with-tune=generic --with-arch_32=i686 --build=x86_64-redhat-linux
Thread model: posix
gcc version 4.7.2 20121109 (Red Hat 4.7.2-8) (GCC) 
configure:2924: $? = 0
configure:2913: gcc -V >&5
gcc: error: unrecognized command line option '-V'
gcc: fatal error: no input files
compilation terminated.
configure:2924: $? = 4
configure:2913: gcc -qversion >&5
gcc: error: unrecognized command line option '-qversion'
gcc: fatal error: no input files
compilation terminated.
configure:2924: $? = 4
configure:2944: checking whether the C compiler works
configure:2966: gcc     conftest.c  >&5
configure:2970: $? = 0
configure:3018: result: yes
configure:3021: checking for C compiler default output file name
configure:3023: result: a.out
configure:3029: checking for suffix of executables
configure:3036: gcc -o conftest     conftest.c  >&5
configure:3040: $? = 0
configure:3062: result: 
configure:3084: checking whether we are cross compiling
configure:3092: gcc -o conftest     conftest.c  >&5
configure:3096: $? = 0
configure:3103: ./conftest
configure:3107: $? = 0
configure:3122: result: no
configure:3127: checking for suffix of object files
configure:3149: gcc -c    conftest.c >&5
configure:3153: $? = 0
configure:3174: result: o
configure:3178: checking whether we are using the GNU C compiler
configure:3197: gcc -c    conftest.c >&5
configure:3197: $? = 0
configure:3206: result: yes
configure:3215: checking whether gcc accepts -g
configure:3235: gcc -c -g  conftest.c >&5
configure:3235: $? = 0
configure:3276: result: yes
configure:3293: checking for gcc option to accept ISO C89
configure:3356: gcc  -c    conftest.c >&5
configure:3356: $? = 0
configure:3369: result: none needed
configure:3394: checking how to run the C preprocessor
configure:3425: gcc -E  conftest.c
configure:3425: $? = 0
configure:3439: gcc -E  conftest.c
conftest.c:14:28: fatal error: ac_nonexistent.h: No such file or directory
compilation terminated.
configure:3439: $? = 1
configure: failed program was:
| /* confdefs.h */
| #define PACKAGE_NAME ""
| #define PACKAGE_TARNAME ""
| #define PACKAGE_VERSION ""
| #define PACKAGE_STRING ""
| #define PACKAGE_BUGREPORT ""
| #define PACKAGE_URL ""
| #define VERSION_MAJOR 3
| #define VERSION_MINOR 0
| #define VERSION_POINT 3
| #define VERSION "3.0.3"
| #define CODE_STATUS "stable"
| /* end confdefs.h.  */
| #include <ac_nonexistent.h>
configure:3464: result: gcc -E
configure:3484: gcc -E  conftest.c
configure:3484: $? = 0
configure:3498: gcc -E  conftest.c
conftest.c:14:28: fatal error: ac_nonexistent.h: No such file or directory
compilation terminated.
configure:3498: $? = 1
configure: failed program was:
| /* confdefs.h */
| #define PACKAGE_NAME ""
| #define PACKAGE_TARNAME ""
| #define PACKAGE_VERSION ""
| #define PACKAGE_STRING ""
| #define PACKAGE_BUGREPORT ""
| #define PACKAGE_URL ""
| #define VERSION_MAJOR 3
| #define VERSION_MINOR 0
| #define VERSION_POINT 3
| #define VERSION "3.0.3"
| #define CODE_STATUS "stable"
| /* end confdefs.h.  */
| #include <ac_nonexistent.h>
configure:3540: checking for a BSD-compatible install
configure:3608: result: /usr/bin/install -c
configure:3619: checking whether ln -s works
configure:3623: result: yes
configure:3630: checking whether make sets $(MAKE)
configure:3652: result: yes
configure:3665: checking for gawk
configure:3681: found /usr/bin/gawk
configure:3692: result: gawk
configure:3706: checking for gdb
configure:3722: found /usr/bin/gdb
configure:3734: result: yes
configure:3744: checking for groups
configure:3763: found /bin/groups
configure:3776: result: /bin/groups
configure:3786: checking for id
configure:3805: found /bin/id
configure:3818: result: /bin/id
configure:3870: WARNING: There is no user 'privoxy' on this system
configure:3873: checking for user
configure:3901: result: none specified
configure:3911: checking for group
configure:3945: result: none specified
configure:4029: checking for w3m
configure:4059: result: no
configure:4029: checking for lynx
configure:4059: result: no
configure:4029: checking for links
configure:4059: result: no
configure:4069: WARNING: You need some kind of text browser to build documentation \(w3m, lynx and links are supported\)
configure:4078: checking for db2html
configure:4108: result: no
configure:4078: checking for docbook2html
configure:4108: result: no
configure:4126: checking for rpm
configure:4142: found /usr/bin/rpm
configure:4153: result: rpm
configure:4177: checking for jade
configure:4207: result: no
configure:4177: checking for openjade
configure:4207: result: no
configure:4222: checking for man2html
configure:4252: result: no
configure:4277: checking for /usr/share/sgml/docbook/dsssl-stylesheets
configure:4277: checking for /usr/share/sgml/docbkdsl
configure:4277: checking for /usr/share/sgml/docbook-dsssl
configure:4277: checking for /usr/local/share/sgml/docbook/dsssl/modular
configure:4277: checking for /usr/share/sgml/docbook/stylesheet/dsssl/modular/
configure:4295: checking for /usr/share/sgml/CATALOG.docbk30
configure:4295: checking for /usr/share/sgml/CATALOG.docbk31
configure:4295: checking for /usr/share/sgml/CATALOG.docbk31
configure:4295: checking for /usr/local/share/sgml/docbook/3.0/docbook.cat
configure:4295: checking for /usr/local/share/sgml/docbook/3.1/docbook.cat
configure:4295: checking for /usr/share/sgml/docbook/dtd/3.1/docbook.cat
configure:4321: checking for grep that handles long lines and -e
configure:4379: result: /usr/bin/grep
configure:4384: checking for egrep
configure:4446: result: /usr/bin/grep -E
configure:4451: checking for ANSI C header files
configure:4471: gcc -c -pipe -O2   conftest.c 1>&5
configure:4471: $? = 0
configure:4544: gcc -o conftest -pipe -O2    conftest.c  1>&5
configure:4544: $? = 0
configure:4544: ./conftest
configure:4544: $? = 0
configure:4555: result: yes
configure:4568: checking for sys/types.h
configure:4568: gcc -c -pipe -O2   conftest.c 1>&5
configure:4568: $? = 0
configure:4568: result: yes
configure:4568: checking for sys/stat.h
configure:4568: gcc -c -pipe -O2   conftest.c 1>&5
configure:4568: $? = 0
configure:4568: result: yes
configure:4568: checking for stdlib.h
configure:4568: gcc -c -pipe -O2   conftest.c 1>&5
configure:4568: $? = 0
configure:4568: result: yes
configure:4568: checking for string.h
configure:4568: gcc -c -pipe -O2   conftest.c 1>&5
configure:4568: $? = 0
configure:4568: result: yes
configure:4568: checking for memory.h
configure:4568: gcc -c -pipe -O2   conftest.c 1>&5
configure:4568: $? = 0
configure:4568: result: yes
configure:4568: checking for strings.h
configure:4568: gcc -c -pipe -O2   conftest.c 1>&5
configure:4568: $? = 0
configure:4568: result: yes
configure:4568: checking for inttypes.h
configure:4568: gcc -c -pipe -O2   conftest.c 1>&5
configure:4568: $? = 0
configure:4568: result: yes
configure:4568: checking for stdint.h
configure:4568: gcc -c -pipe -O2   conftest.c 1>&5
configure:4568: $? = 0
configure:4568: result: yes
configure:4568: checking for unistd.h
configure:4568: gcc -c -pipe -O2   conftest.c 1>&5
configure:4568: $? = 0
configure:4568: result: yes
configure:4580: checking pthread.h usability
configure:4580: gcc -c -pipe -O2   conftest.c 1>&5
configure:4580: $? = 0
configure:4580: result: yes
configure:4580: checking pthread.h presence
configure:4580: gcc -E   conftest.c
configure:4580: $? = 0
configure:4580: result: yes
configure:4580: checking for pthread.h
configure:4580: result: yes
configure:4619: gcc -o conftest -pipe -O2  -pthread   conftest.c  1>&5
configure:4619: $? = 0
configure:4640: checking for gethostbyname in -lnsl
configure:4665: gcc -o conftest -pipe -O2    conftest.c -lnsl   1>&5
configure:4665: $? = 0
configure:4674: result: yes
configure:4686: checking for gethostbyaddr_r
configure:4686: gcc -o conftest -pipe -O2    conftest.c -lnsl  1>&5
configure:4686: $? = 0
configure:4686: result: yes
configure:4689: checking signature of gethostbyaddr_r
configure:4709: gcc -c -pipe -O2   conftest.c 1>&5
configure:4709: $? = 0
configure:4713: result: 8 args
configure:4793: checking for gethostbyname_r
configure:4793: gcc -o conftest -pipe -O2    conftest.c -lnsl  1>&5
configure:4793: $? = 0
configure:4793: result: yes
configure:4796: checking signature of gethostbyname_r
configure:4816: gcc -c -pipe -O2   conftest.c 1>&5
configure:4816: $? = 0
configure:4820: result: 6 args
configure:4899: checking for gmtime_r
configure:4899: gcc -o conftest -pipe -O2    conftest.c -lnsl  1>&5
configure:4899: $? = 0
configure:4899: result: yes
configure:4902: checking signature of gmtime_r
configure:4921: gcc -c -pipe -O2   conftest.c 1>&5
conftest.c: In function 'main':
conftest.c:37:5: warning: passing argument 1 of 'gmtime_r' from incompatible pointer type [enabled by default]
In file included from conftest.c:29:0:
/usr/include/time.h:249:19: note: expected 'const time_t * __restrict__' but argument is of type 'struct time *'
configure:4921: $? = 0
configure:4923: result: ok
configure:4944: checking for localtime_r
configure:4944: gcc -o conftest -pipe -O2    conftest.c -lnsl  1>&5
configure:4944: $? = 0
configure:4944: result: yes
configure:4947: checking signature of localtime_r
configure:4966: gcc -c -pipe -O2   conftest.c 1>&5
conftest.c: In function 'main':
conftest.c:38:5: warning: passing argument 1 of 'localtime_r' from incompatible pointer type [enabled by default]
In file included from conftest.c:30:0:
/usr/include/time.h:254:19: note: expected 'const time_t * __restrict__' but argument is of type 'struct time *'
configure:4966: $? = 0
configure:4968: result: ok
configure:5012: checking for socklen_t
configure:5021: result: yes
configure:5067: checking for ANSI C header files
configure:5171: result: yes
configure:5182: checking for dirent.h that defines DIR
configure:5201: gcc -c -pipe -O2   conftest.c 1>&5
configure:5201: $? = 0
configure:5209: result: yes
configure:5222: checking for library containing opendir
configure:5253: gcc -o conftest -pipe -O2    conftest.c -lnsl  1>&5
configure:5253: $? = 0
configure:5270: result: none required
configure:5337: checking for an ANSI C-conforming const
configure:5403: gcc -c -pipe -O2   conftest.c 1>&5
configure:5403: $? = 0
configure:5410: result: yes
configure:5418: checking for size_t
configure:5418: gcc -c -pipe -O2   conftest.c 1>&5
configure:5418: $? = 0
configure:5418: gcc -c -pipe -O2   conftest.c 1>&5
conftest.c: In function 'main':
conftest.c:68:21: error: expected expression before ')' token
configure:5418: $? = 1
configure: failed program was:
| /* confdefs.h */
| #define PACKAGE_NAME ""
| #define PACKAGE_TARNAME ""
| #define PACKAGE_VERSION ""
| #define PACKAGE_STRING ""
| #define PACKAGE_BUGREPORT ""
| #define PACKAGE_URL ""
| #define VERSION_MAJOR 3
| #define VERSION_MINOR 0
| #define VERSION_POINT 3
| #define VERSION "3.0.3"
| #define CODE_STATUS "stable"
| #define STDC_HEADERS 1
| #define HAVE_SYS_TYPES_H 1
| #define HAVE_SYS_STAT_H 1
| #define HAVE_STDLIB_H 1
| #define HAVE_STRING_H 1
| #define HAVE_MEMORY_H 1
| #define HAVE_STRINGS_H 1
| #define HAVE_INTTYPES_H 1
| #define HAVE_STDINT_H 1
| #define HAVE_UNISTD_H 1
| #define FEATURE_PTHREAD 1
| #define HAVE_LIBNSL 1
| #define HAVE_GETHOSTBYADDR_R_8_ARGS 1
| #define HAVE_GETHOSTBYNAME_R_6_ARGS 1
| #define HAVE_GMTIME_R 1
| #define HAVE_LOCALTIME_R 1
| #define STDC_HEADERS 1
| #define HAVE_DIRENT_H 1
| /* end confdefs.h.  */
| #include <stdio.h>
| #ifdef HAVE_SYS_TYPES_H
| # include <sys/types.h>
| #endif
| #ifdef HAVE_SYS_STAT_H
| # include <sys/stat.h>
| #endif
| #ifdef STDC_HEADERS
| # include <stdlib.h>
| # include <stddef.h>
| #else
| # ifdef HAVE_STDLIB_H
| #  include <stdlib.h>
| # endif
| #endif
| #ifdef HAVE_STRING_H
| # if !defined STDC_HEADERS && defined HAVE_MEMORY_H
| #  include <memory.h>
| # endif
| # include <string.h>
| #endif
| #ifdef HAVE_STRINGS_H
| # include <strings.h>
| #endif
| #ifdef HAVE_INTTYPES_H
| # include <inttypes.h>
| #endif
| #ifdef HAVE_STDINT_H
| # include <stdint.h>
| #endif
| #ifdef HAVE_UNISTD_H
| # include <unistd.h>
| #endif
| int
| main ()
| {
| if (sizeof ((size_t)))
| 	    return 0;
|   ;
|   return 0;
| }
configure:5418: result: yes
configure:5429: checking for pid_t
configure:5429: gcc -c -pipe -O2   conftest.c 1>&5
configure:5429: $? = 0
configure:5429: gcc -c -pipe -O2   conftest.c 1>&5
conftest.c: In function 'main':
conftest.c:68:20: error: expected expression before ')' token
configure:5429: $? = 1
configure: failed program was:
| /* confdefs.h */
| #define PACKAGE_NAME ""
| #define PACKAGE_TARNAME ""
| #define PACKAGE_VERSION ""
| #define PACKAGE_STRING ""
| #define PACKAGE_BUGREPORT ""
| #define PACKAGE_URL ""
| #define VERSION_MAJOR 3
| #define VERSION_MINOR 0
| #define VERSION_POINT 3
| #define VERSION "3.0.3"
| #define CODE_STATUS "stable"
| #define STDC_HEADERS 1
| #define HAVE_SYS_TYPES_H 1
| #define HAVE_SYS_STAT_H 1
| #define HAVE_STDLIB_H 1
| #define HAVE_STRING_H 1
| #define HAVE_MEMORY_H 1
| #define HAVE_STRINGS_H 1
| #define HAVE_INTTYPES_H 1
| #define HAVE_STDINT_H 1
| #define HAVE_UNISTD_H 1
| #define FEATURE_PTHREAD 1
| #define HAVE_LIBNSL 1
| #define HAVE_GETHOSTBYADDR_R_8_ARGS 1
| #define HAVE_GETHOSTBYNAME_R_6_ARGS 1
| #define HAVE_GMTIME_R 1
| #define HAVE_LOCALTIME_R 1
| #define STDC_HEADERS 1
| #define HAVE_DIRENT_H 1
| /* end confdefs.h.  */
| #include <stdio.h>
| #ifdef HAVE_SYS_TYPES_H
| # include <sys/types.h>
| #endif
| #ifdef HAVE_SYS_STAT_H
| # include <sys/stat.h>
| #endif
| #ifdef STDC_HEADERS
| # include <stdlib.h>
| # include <stddef.h>
| #else
| # ifdef HAVE_STDLIB_H
| #  include <stdlib.h>
| # endif
| #endif
| #ifdef HAVE_STRING_H
| # if !defined STDC_HEADERS && defined HAVE_MEMORY_H
| #  include <memory.h>
| # endif
| # include <string.h>
| #endif
| #ifdef HAVE_STRINGS_H
| # include <strings.h>
| #endif
| #ifdef HAVE_INTTYPES_H
| # include <inttypes.h>
| #endif
| #ifdef HAVE_STDINT_H
| # include <stdint.h>
| #endif
| #ifdef HAVE_UNISTD_H
| # include <unistd.h>
| #endif
| int
| main ()
| {
| if (sizeof ((pid_t)))
| 	    return 0;
|   ;
|   return 0;
| }
configure:5429: result: yes
configure:5440: checking whether time.h and sys/time.h may both be included
configure:5460: gcc -c -pipe -O2   conftest.c 1>&5
configure:5460: $? = 0
configure:5467: result: yes
configure:5475: checking whether struct tm is in sys/time.h or time.h
configure:5495: gcc -c -pipe -O2   conftest.c 1>&5
configure:5495: $? = 0
configure:5502: result: time.h
configure:5514: checking size of int
configure:5519: gcc -o conftest -pipe -O2    conftest.c -lnsl  1>&5
configure:5519: $? = 0
configure:5519: ./conftest
configure:5519: $? = 0
configure:5533: result: 4
configure:5547: checking size of char *
configure:5552: gcc -o conftest -pipe -O2    conftest.c -lnsl  1>&5
configure:5552: $? = 0
configure:5552: ./conftest
configure:5552: $? = 0
configure:5566: result: 8
configure:5580: checking size of long
configure:5585: gcc -o conftest -pipe -O2    conftest.c -lnsl  1>&5
configure:5585: $? = 0
configure:5585: ./conftest
configure:5585: $? = 0
configure:5599: result: 8
configure:5613: checking size of long long
configure:5618: gcc -o conftest -pipe -O2    conftest.c -lnsl  1>&5
configure:5618: $? = 0
configure:5618: ./conftest
configure:5618: $? = 0
configure:5632: result: 8
configure:5646: checking size of size_t
configure:5651: gcc -o conftest -pipe -O2    conftest.c -lnsl  1>&5
configure:5651: $? = 0
configure:5651: ./conftest
configure:5651: $? = 0
configure:5665: result: 8
configure:5679: checking OS.h usability
configure:5679: gcc -c -pipe -O2   conftest.c 1>&5
conftest.c:71:16: fatal error: OS.h: No such file or directory
compilation terminated.
configure:5679: $? = 1
configure: failed program was:
| /* confdefs.h */
| #define PACKAGE_NAME ""
| #define PACKAGE_TARNAME ""
| #define PACKAGE_VERSION ""
| #define PACKAGE_STRING ""
| #define PACKAGE_BUGREPORT ""
| #define PACKAGE_URL ""
| #define VERSION_MAJOR 3
| #define VERSION_MINOR 0
| #define VERSION_POINT 3
| #define VERSION "3.0.3"
| #define CODE_STATUS "stable"
| #define STDC_HEADERS 1
| #define HAVE_SYS_TYPES_H 1
| #define HAVE_SYS_STAT_H 1
| #define HAVE_STDLIB_H 1
| #define HAVE_STRING_H 1
| #define HAVE_MEMORY_H 1
| #define HAVE_STRINGS_H 1
| #define HAVE_INTTYPES_H 1
| #define HAVE_STDINT_H 1
| #define HAVE_UNISTD_H 1
| #define FEATURE_PTHREAD 1
| #define HAVE_LIBNSL 1
| #define HAVE_GETHOSTBYADDR_R_8_ARGS 1
| #define HAVE_GETHOSTBYNAME_R_6_ARGS 1
| #define HAVE_GMTIME_R 1
| #define HAVE_LOCALTIME_R 1
| #define STDC_HEADERS 1
| #define HAVE_DIRENT_H 1
| #define TIME_WITH_SYS_TIME 1
| #define SIZEOF_INT 4
| #define SIZEOF_CHAR_P 8
| #define SIZEOF_LONG 8
| #define SIZEOF_LONG_LONG 8
| #define SIZEOF_SIZE_T 8
| /* end confdefs.h.  */
| #include <stdio.h>
| #ifdef HAVE_SYS_TYPES_H
| # include <sys/types.h>
| #endif
| #ifdef HAVE_SYS_STAT_H
| # include <sys/stat.h>
| #endif
| #ifdef STDC_HEADERS
| # include <stdlib.h>
| # include <stddef.h>
| #else
| # ifdef HAVE_STDLIB_H
| #  include <stdlib.h>
| # endif
| #endif
| #ifdef HAVE_STRING_H
| # if !defined STDC_HEADERS && defined HAVE_MEMORY_H
| #  include <memory.h>
| # endif
| # include <string.h>
| #endif
| #ifdef HAVE_STRINGS_H
| # include <strings.h>
| #endif
| #ifdef HAVE_INTTYPES_H
| # include <inttypes.h>
| #endif
| #ifdef HAVE_STDINT_H
| # include <stdint.h>
| #endif
| #ifdef HAVE_UNISTD_H
| # include <unistd.h>
| #endif
| #include <OS.h>
configure:5679: result: no
configure:5679: checking OS.h presence
configure:5679: gcc -E  -pthread conftest.c
conftest.c:38:16: fatal error: OS.h: No such file or directory
compilation terminated.
configure:5679: $? = 1
configure: failed program was:
| /* confdefs.h */
| #define PACKAGE_NAME ""
| #define PACKAGE_TARNAME ""
| #define PACKAGE_VERSION ""
| #define PACKAGE_STRING ""
| #define PACKAGE_BUGREPORT ""
| #define PACKAGE_URL ""
| #define VERSION_MAJOR 3
| #define VERSION_MINOR 0
| #define VERSION_POINT 3
| #define VERSION "3.0.3"
| #define CODE_STATUS "stable"
| #define STDC_HEADERS 1
| #define HAVE_SYS_TYPES_H 1
| #define HAVE_SYS_STAT_H 1
| #define HAVE_STDLIB_H 1
| #define HAVE_STRING_H 1
| #define HAVE_MEMORY_H 1
| #define HAVE_STRINGS_H 1
| #define HAVE_INTTYPES_H 1
| #define HAVE_STDINT_H 1
| #define HAVE_UNISTD_H 1
| #define FEATURE_PTHREAD 1
| #define HAVE_LIBNSL 1
| #define HAVE_GETHOSTBYADDR_R_8_ARGS 1
| #define HAVE_GETHOSTBYNAME_R_6_ARGS 1
| #define HAVE_GMTIME_R 1
| #define HAVE_LOCALTIME_R 1
| #define STDC_HEADERS 1
| #define HAVE_DIRENT_H 1
| #define TIME_WITH_SYS_TIME 1
| #define SIZEOF_INT 4
| #define SIZEOF_CHAR_P 8
| #define SIZEOF_LONG 8
| #define SIZEOF_LONG_LONG 8
| #define SIZEOF_SIZE_T 8
| /* end confdefs.h.  */
| #include <OS.h>
configure:5679: result: no
configure:5679: checking for OS.h
configure:5679: result: no
configure:5679: checking arpa/inet.h usability
configure:5679: gcc -c -pipe -O2   conftest.c 1>&5
configure:5679: $? = 0
configure:5679: result: yes
configure:5679: checking arpa/inet.h presence
configure:5679: gcc -E  -pthread conftest.c
configure:5679: $? = 0
configure:5679: result: yes
configure:5679: checking for arpa/inet.h
configure:5679: result: yes
configure:5679: checking errno.h usability
configure:5679: gcc -c -pipe -O2   conftest.c 1>&5
configure:5679: $? = 0
configure:5679: result: yes
configure:5679: checking errno.h presence
configure:5679: gcc -E  -pthread conftest.c
configure:5679: $? = 0
configure:5679: result: yes
configure:5679: checking for errno.h
configure:5679: result: yes
configure:5679: checking fcntl.h usability
configure:5679: gcc -c -pipe -O2   conftest.c 1>&5
configure:5679: $? = 0
configure:5679: result: yes
configure:5679: checking fcntl.h presence
configure:5679: gcc -E  -pthread conftest.c
configure:5679: $? = 0
configure:5679: result: yes
configure:5679: checking for fcntl.h
configure:5679: result: yes
configure:5679: checking limits.h usability
configure:5679: gcc -c -pipe -O2   conftest.c 1>&5
configure:5679: $? = 0
configure:5679: result: yes
configure:5679: checking limits.h presence
configure:5679: gcc -E  -pthread conftest.c
configure:5679: $? = 0
configure:5679: result: yes
configure:5679: checking for limits.h
configure:5679: result: yes
configure:5679: checking locale.h usability
configure:5679: gcc -c -pipe -O2   conftest.c 1>&5
configure:5679: $? = 0
configure:5679: result: yes
configure:5679: checking locale.h presence
configure:5679: gcc -E  -pthread conftest.c
configure:5679: $? = 0
configure:5679: result: yes
configure:5679: checking for locale.h
configure:5679: result: yes
configure:5679: checking netdb.h usability
configure:5679: gcc -c -pipe -O2   conftest.c 1>&5
configure:5679: $? = 0
configure:5679: result: yes
configure:5679: checking netdb.h presence
configure:5679: gcc -E  -pthread conftest.c
configure:5679: $? = 0
configure:5679: result: yes
configure:5679: checking for netdb.h
configure:5679: result: yes
configure:5679: checking netinet/in.h usability
configure:5679: gcc -c -pipe -O2   conftest.c 1>&5
configure:5679: $? = 0
configure:5679: result: yes
configure:5679: checking netinet/in.h presence
configure:5679: gcc -E  -pthread conftest.c
configure:5679: $? = 0
configure:5679: result: yes
configure:5679: checking for netinet/in.h
configure:5679: result: yes
configure:5679: checking stddef.h usability
configure:5679: gcc -c -pipe -O2   conftest.c 1>&5
configure:5679: $? = 0
configure:5679: result: yes
configure:5679: checking stddef.h presence
configure:5679: gcc -E  -pthread conftest.c
configure:5679: $? = 0
configure:5679: result: yes
configure:5679: checking for stddef.h
configure:5679: result: yes
configure:5679: checking for stdlib.h
configure:5679: result: yes
configure:5679: checking for string.h
configure:5679: result: yes
configure:5679: checking sys/ioctl.h usability
configure:5679: gcc -c -pipe -O2   conftest.c 1>&5
configure:5679: $? = 0
configure:5679: result: yes
configure:5679: checking sys/ioctl.h presence
configure:5679: gcc -E  -pthread conftest.c
configure:5679: $? = 0
configure:5679: result: yes
configure:5679: checking for sys/ioctl.h
configure:5679: result: yes
configure:5679: checking sys/socket.h usability
configure:5679: gcc -c -pipe -O2   conftest.c 1>&5
configure:5679: $? = 0
configure:5679: result: yes
configure:5679: checking sys/socket.h presence
configure:5679: gcc -E  -pthread conftest.c
configure:5679: $? = 0
configure:5679: result: yes
configure:5679: checking for sys/socket.h
configure:5679: result: yes
configure:5679: checking sys/time.h usability
configure:5679: gcc -c -pipe -O2   conftest.c 1>&5
configure:5679: $? = 0
configure:5679: result: yes
configure:5679: checking sys/time.h presence
configure:5679: gcc -E  -pthread conftest.c
configure:5679: $? = 0
configure:5679: result: yes
configure:5679: checking for sys/time.h
configure:5679: result: yes
configure:5679: checking sys/timeb.h usability
configure:5679: gcc -c -pipe -O2   conftest.c 1>&5
configure:5679: $? = 0
configure:5679: result: yes
configure:5679: checking sys/timeb.h presence
configure:5679: gcc -E  -pthread conftest.c
configure:5679: $? = 0
configure:5679: result: yes
configure:5679: checking for sys/timeb.h
configure:5679: result: yes
configure:5679: checking sys/wait.h usability
configure:5679: gcc -c -pipe -O2   conftest.c 1>&5
configure:5679: $? = 0
configure:5679: result: yes
configure:5679: checking sys/wait.h presence
configure:5679: gcc -E  -pthread conftest.c
configure:5679: $? = 0
configure:5679: result: yes
configure:5679: checking for sys/wait.h
configure:5679: result: yes
configure:5679: checking for unistd.h
configure:5679: result: yes
configure:5693: checking for strerror
configure:5693: gcc -o conftest -pipe -O2    conftest.c -lnsl  1>&5
configure:5693: $? = 0
configure:5693: result: yes
configure:5693: checking for bcopy
configure:5693: gcc -o conftest -pipe -O2    conftest.c -lnsl  1>&5
conftest.c:78:6: warning: conflicting types for built-in function 'bcopy' [enabled by default]
configure:5693: $? = 0
configure:5693: result: yes
configure:5693: checking for memmove
configure:5693: gcc -o conftest -pipe -O2    conftest.c -lnsl  1>&5
conftest.c:79:6: warning: conflicting types for built-in function 'memmove' [enabled by default]
configure:5693: $? = 0
configure:5693: result: yes
configure:5703: checking whether gcc needs -traditional
configure:5737: result: no
configure:5744: checking whether setpgrp takes no argument
configure:5748: result: yes
configure:5756: checking return type of signal handlers
configure:5774: gcc -c -pipe -O2   conftest.c 1>&5
conftest.c: In function 'main':
conftest.c:64:1: error: void value not ignored as it ought to be
configure:5774: $? = 1
configure: failed program was:
| /* confdefs.h */
| #define PACKAGE_NAME ""
| #define PACKAGE_TARNAME ""
| #define PACKAGE_VERSION ""
| #define PACKAGE_STRING ""
| #define PACKAGE_BUGREPORT ""
| #define PACKAGE_URL ""
| #define VERSION_MAJOR 3
| #define VERSION_MINOR 0
| #define VERSION_POINT 3
| #define VERSION "3.0.3"
| #define CODE_STATUS "stable"
| #define STDC_HEADERS 1
| #define HAVE_SYS_TYPES_H 1
| #define HAVE_SYS_STAT_H 1
| #define HAVE_STDLIB_H 1
| #define HAVE_STRING_H 1
| #define HAVE_MEMORY_H 1
| #define HAVE_STRINGS_H 1
| #define HAVE_INTTYPES_H 1
| #define HAVE_STDINT_H 1
| #define HAVE_UNISTD_H 1
| #define FEATURE_PTHREAD 1
| #define HAVE_LIBNSL 1
| #define HAVE_GETHOSTBYADDR_R_8_ARGS 1
| #define HAVE_GETHOSTBYNAME_R_6_ARGS 1
| #define HAVE_GMTIME_R 1
| #define HAVE_LOCALTIME_R 1
| #define STDC_HEADERS 1
| #define HAVE_DIRENT_H 1
| #define TIME_WITH_SYS_TIME 1
| #define SIZEOF_INT 4
| #define SIZEOF_CHAR_P 8
| #define SIZEOF_LONG 8
| #define SIZEOF_LONG_LONG 8
| #define SIZEOF_SIZE_T 8
| #define HAVE_ARPA_INET_H 1
| #define HAVE_ERRNO_H 1
| #define HAVE_FCNTL_H 1
| #define HAVE_LIMITS_H 1
| #define HAVE_LOCALE_H 1
| #define HAVE_NETDB_H 1
| #define HAVE_NETINET_IN_H 1
| #define HAVE_STDDEF_H 1
| #define HAVE_STDLIB_H 1
| #define HAVE_STRING_H 1
| #define HAVE_SYS_IOCTL_H 1
| #define HAVE_SYS_SOCKET_H 1
| #define HAVE_SYS_TIME_H 1
| #define HAVE_SYS_TIMEB_H 1
| #define HAVE_SYS_WAIT_H 1
| #define HAVE_UNISTD_H 1
| #define HAVE_STRERROR 1
| #define HAVE_BCOPY 1
| #define HAVE_MEMMOVE 1
| #define SETPGRP_VOID 1
| /* end confdefs.h.  */
| #include <sys/types.h>
| #include <signal.h>
| 
| int
| main ()
| {
| return *(signal (0, 0)) (0) == 1;
|   ;
|   return 0;
| }
configure:5781: result: void
configure:5792: checking for atexit
configure:5792: gcc -o conftest -pipe -O2    conftest.c -lnsl  1>&5
configure:5792: $? = 0
configure:5792: result: yes
configure:5792: checking for getcwd
configure:5792: gcc -o conftest -pipe -O2    conftest.c -lnsl  1>&5
configure:5792: $? = 0
configure:5792: result: yes
configure:5792: checking for gethostbyaddr
configure:5792: gcc -o conftest -pipe -O2    conftest.c -lnsl  1>&5
configure:5792: $? = 0
configure:5792: result: yes
configure:5792: checking for gethostbyname
configure:5792: gcc -o conftest -pipe -O2    conftest.c -lnsl  1>&5
configure:5792: $? = 0
configure:5792: result: yes
configure:5792: checking for inet_ntoa
configure:5792: gcc -o conftest -pipe -O2    conftest.c -lnsl  1>&5
configure:5792: $? = 0
configure:5792: result: yes
configure:5792: checking for localtime_r
configure:5792: result: yes
configure:5792: checking for memchr
configure:5792: gcc -o conftest -pipe -O2    conftest.c -lnsl  1>&5
conftest.c:88:6: warning: conflicting types for built-in function 'memchr' [enabled by default]
configure:5792: $? = 0
configure:5792: result: yes
configure:5792: checking for memmove
configure:5792: result: yes
configure:5792: checking for memset
configure:5792: gcc -o conftest -pipe -O2    conftest.c -lnsl  1>&5
conftest.c:90:6: warning: conflicting types for built-in function 'memset' [enabled by default]
configure:5792: $? = 0
configure:5792: result: yes
configure:5792: checking for regcomp
configure:5792: gcc -o conftest -pipe -O2    conftest.c -lnsl  1>&5
configure:5792: $? = 0
configure:5792: result: yes
configure:5792: checking for select
configure:5792: gcc -o conftest -pipe -O2    conftest.c -lnsl  1>&5
configure:5792: $? = 0
configure:5792: result: yes
configure:5792: checking for setlocale
configure:5792: gcc -o conftest -pipe -O2    conftest.c -lnsl  1>&5
configure:5792: $? = 0
configure:5792: result: yes
configure:5792: checking for socket
configure:5792: gcc -o conftest -pipe -O2    conftest.c -lnsl  1>&5
configure:5792: $? = 0
configure:5792: result: yes
configure:5792: checking for strchr
configure:5792: gcc -o conftest -pipe -O2    conftest.c -lnsl  1>&5
conftest.c:95:6: warning: conflicting types for built-in function 'strchr' [enabled by default]
configure:5792: $? = 0
configure:5792: result: yes
configure:5792: checking for strdup
configure:5792: gcc -o conftest -pipe -O2    conftest.c -lnsl  1>&5
conftest.c:96:6: warning: conflicting types for built-in function 'strdup' [enabled by default]
configure:5792: $? = 0
configure:5792: result: yes
configure:5792: checking for strerror
configure:5792: result: yes
configure:5792: checking for strftime
configure:5792: gcc -o conftest -pipe -O2    conftest.c -lnsl  1>&5
conftest.c:98:6: warning: conflicting types for built-in function 'strftime' [enabled by default]
configure:5792: $? = 0
configure:5792: result: yes
configure:5792: checking for strstr
configure:5792: gcc -o conftest -pipe -O2    conftest.c -lnsl  1>&5
conftest.c:99:6: warning: conflicting types for built-in function 'strstr' [enabled by default]
configure:5792: $? = 0
configure:5792: result: yes
configure:5792: checking for strtoul
configure:5792: gcc -o conftest -pipe -O2    conftest.c -lnsl  1>&5
configure:5792: $? = 0
configure:5792: result: yes
configure:5803: checking for pcre_compile in -lpcre
configure:5828: gcc -o conftest -pipe -O2    conftest.c -lpcre  -lnsl  1>&5
/usr/bin/ld: cannot find -lpcre
collect2: error: ld returned 1 exit status
configure:5828: $? = 1
configure: failed program was:
| /* confdefs.h */
| #define PACKAGE_NAME ""
| #define PACKAGE_TARNAME ""
| #define PACKAGE_VERSION ""
| #define PACKAGE_STRING ""
| #define PACKAGE_BUGREPORT ""
| #define PACKAGE_URL ""
| #define VERSION_MAJOR 3
| #define VERSION_MINOR 0
| #define VERSION_POINT 3
| #define VERSION "3.0.3"
| #define CODE_STATUS "stable"
| #define STDC_HEADERS 1
| #define HAVE_SYS_TYPES_H 1
| #define HAVE_SYS_STAT_H 1
| #define HAVE_STDLIB_H 1
| #define HAVE_STRING_H 1
| #define HAVE_MEMORY_H 1
| #define HAVE_STRINGS_H 1
| #define HAVE_INTTYPES_H 1
| #define HAVE_STDINT_H 1
| #define HAVE_UNISTD_H 1
| #define FEATURE_PTHREAD 1
| #define HAVE_LIBNSL 1
| #define HAVE_GETHOSTBYADDR_R_8_ARGS 1
| #define HAVE_GETHOSTBYNAME_R_6_ARGS 1
| #define HAVE_GMTIME_R 1
| #define HAVE_LOCALTIME_R 1
| #define STDC_HEADERS 1
| #define HAVE_DIRENT_H 1
| #define TIME_WITH_SYS_TIME 1
| #define SIZEOF_INT 4
| #define SIZEOF_CHAR_P 8
| #define SIZEOF_LONG 8
| #define SIZEOF_LONG_LONG 8
| #define SIZEOF_SIZE_T 8
| #define HAVE_ARPA_INET_H 1
| #define HAVE_ERRNO_H 1
| #define HAVE_FCNTL_H 1
| #define HAVE_LIMITS_H 1
| #define HAVE_LOCALE_H 1
| #define HAVE_NETDB_H 1
| #define HAVE_NETINET_IN_H 1
| #define HAVE_STDDEF_H 1
| #define HAVE_STDLIB_H 1
| #define HAVE_STRING_H 1
| #define HAVE_SYS_IOCTL_H 1
| #define HAVE_SYS_SOCKET_H 1
| #define HAVE_SYS_TIME_H 1
| #define HAVE_SYS_TIMEB_H 1
| #define HAVE_SYS_WAIT_H 1
| #define HAVE_UNISTD_H 1
| #define HAVE_STRERROR 1
| #define HAVE_BCOPY 1
| #define HAVE_MEMMOVE 1
| #define SETPGRP_VOID 1
| #define RETSIGTYPE void
| #define HAVE_ATEXIT 1
| #define HAVE_GETCWD 1
| #define HAVE_GETHOSTBYADDR 1
| #define HAVE_GETHOSTBYNAME 1
| #define HAVE_INET_NTOA 1
| #define HAVE_LOCALTIME_R 1
| #define HAVE_MEMCHR 1
| #define HAVE_MEMMOVE 1
| #define HAVE_MEMSET 1
| #define HAVE_REGCOMP 1
| #define HAVE_SELECT 1
| #define HAVE_SETLOCALE 1
| #define HAVE_SOCKET 1
| #define HAVE_STRCHR 1
| #define HAVE_STRDUP 1
| #define HAVE_STRERROR 1
| #define HAVE_STRFTIME 1
| #define HAVE_STRSTR 1
| #define HAVE_STRTOUL 1
| /* end confdefs.h.  */
| 
| /* Override any GCC internal prototype to avoid an error.
|    Use char because int might match the return type of a GCC
|    builtin and then its argument prototype would still apply.  */
| #ifdef __cplusplus
| extern "C"
| #endif
| char pcre_compile ();
| int
| main ()
| {
| return pcre_compile ();
|   ;
|   return 0;
| }
configure:5837: result: no
configure:5895: checking for regcomp in -lpcreposix
configure:5920: gcc -o conftest -pipe -O2    conftest.c -lpcreposix -lpcre -lnsl  1>&5
/usr/bin/ld: cannot find -lpcreposix
/usr/bin/ld: cannot find -lpcre
collect2: error: ld returned 1 exit status
configure:5920: $? = 1
configure: failed program was:
| /* confdefs.h */
| #define PACKAGE_NAME ""
| #define PACKAGE_TARNAME ""
| #define PACKAGE_VERSION ""
| #define PACKAGE_STRING ""
| #define PACKAGE_BUGREPORT ""
| #define PACKAGE_URL ""
| #define VERSION_MAJOR 3
| #define VERSION_MINOR 0
| #define VERSION_POINT 3
| #define VERSION "3.0.3"
| #define CODE_STATUS "stable"
| #define STDC_HEADERS 1
| #define HAVE_SYS_TYPES_H 1
| #define HAVE_SYS_STAT_H 1
| #define HAVE_STDLIB_H 1
| #define HAVE_STRING_H 1
| #define HAVE_MEMORY_H 1
| #define HAVE_STRINGS_H 1
| #define HAVE_INTTYPES_H 1
| #define HAVE_STDINT_H 1
| #define HAVE_UNISTD_H 1
| #define FEATURE_PTHREAD 1
| #define HAVE_LIBNSL 1
| #define HAVE_GETHOSTBYADDR_R_8_ARGS 1
| #define HAVE_GETHOSTBYNAME_R_6_ARGS 1
| #define HAVE_GMTIME_R 1
| #define HAVE_LOCALTIME_R 1
| #define STDC_HEADERS 1
| #define HAVE_DIRENT_H 1
| #define TIME_WITH_SYS_TIME 1
| #define SIZEOF_INT 4
| #define SIZEOF_CHAR_P 8
| #define SIZEOF_LONG 8
| #define SIZEOF_LONG_LONG 8
| #define SIZEOF_SIZE_T 8
| #define HAVE_ARPA_INET_H 1
| #define HAVE_ERRNO_H 1
| #define HAVE_FCNTL_H 1
| #define HAVE_LIMITS_H 1
| #define HAVE_LOCALE_H 1
| #define HAVE_NETDB_H 1
| #define HAVE_NETINET_IN_H 1
| #define HAVE_STDDEF_H 1
| #define HAVE_STDLIB_H 1
| #define HAVE_STRING_H 1
| #define HAVE_SYS_IOCTL_H 1
| #define HAVE_SYS_SOCKET_H 1
| #define HAVE_SYS_TIME_H 1
| #define HAVE_SYS_TIMEB_H 1
| #define HAVE_SYS_WAIT_H 1
| #define HAVE_UNISTD_H 1
| #define HAVE_STRERROR 1
| #define HAVE_BCOPY 1
| #define HAVE_MEMMOVE 1
| #define SETPGRP_VOID 1
| #define RETSIGTYPE void
| #define HAVE_ATEXIT 1
| #define HAVE_GETCWD 1
| #define HAVE_GETHOSTBYADDR 1
| #define HAVE_GETHOSTBYNAME 1
| #define HAVE_INET_NTOA 1
| #define HAVE_LOCALTIME_R 1
| #define HAVE_MEMCHR 1
| #define HAVE_MEMMOVE 1
| #define HAVE_MEMSET 1
| #define HAVE_REGCOMP 1
| #define HAVE_SELECT 1
| #define HAVE_SETLOCALE 1
| #define HAVE_SOCKET 1
| #define HAVE_STRCHR 1
| #define HAVE_STRDUP 1
| #define HAVE_STRERROR 1
| #define HAVE_STRFTIME 1
| #define HAVE_STRSTR 1
| #define HAVE_STRTOUL 1
| /* end confdefs.h.  */
| 
| /* Override any GCC internal prototype to avoid an error.
|    Use char because int might match the return type of a GCC
|    builtin and then its argument prototype would still apply.  */
| #ifdef __cplusplus
| extern "C"
| #endif
| char regcomp ();
| int
| main ()
| {
| return regcomp ();
|   ;
|   return 0;
| }
configure:5929: result: no
configure:5987: checking for pcrs_compile in -lpcrs
configure:6012: gcc -o conftest -pipe -O2    conftest.c -lpcrs -lpcre -lnsl  1>&5
/usr/bin/ld: cannot find -lpcrs
/usr/bin/ld: cannot find -lpcre
collect2: error: ld returned 1 exit status
configure:6012: $? = 1
configure: failed program was:
| /* confdefs.h */
| #define PACKAGE_NAME ""
| #define PACKAGE_TARNAME ""
| #define PACKAGE_VERSION ""
| #define PACKAGE_STRING ""
| #define PACKAGE_BUGREPORT ""
| #define PACKAGE_URL ""
| #define VERSION_MAJOR 3
| #define VERSION_MINOR 0
| #define VERSION_POINT 3
| #define VERSION "3.0.3"
| #define CODE_STATUS "stable"
| #define STDC_HEADERS 1
| #define HAVE_SYS_TYPES_H 1
| #define HAVE_SYS_STAT_H 1
| #define HAVE_STDLIB_H 1
| #define HAVE_STRING_H 1
| #define HAVE_MEMORY_H 1
| #define HAVE_STRINGS_H 1
| #define HAVE_INTTYPES_H 1
| #define HAVE_STDINT_H 1
| #define HAVE_UNISTD_H 1
| #define FEATURE_PTHREAD 1
| #define HAVE_LIBNSL 1
| #define HAVE_GETHOSTBYADDR_R_8_ARGS 1
| #define HAVE_GETHOSTBYNAME_R_6_ARGS 1
| #define HAVE_GMTIME_R 1
| #define HAVE_LOCALTIME_R 1
| #define STDC_HEADERS 1
| #define HAVE_DIRENT_H 1
| #define TIME_WITH_SYS_TIME 1
| #define SIZEOF_INT 4
| #define SIZEOF_CHAR_P 8
| #define SIZEOF_LONG 8
| #define SIZEOF_LONG_LONG 8
| #define SIZEOF_SIZE_T 8
| #define HAVE_ARPA_INET_H 1
| #define HAVE_ERRNO_H 1
| #define HAVE_FCNTL_H 1
| #define HAVE_LIMITS_H 1
| #define HAVE_LOCALE_H 1
| #define HAVE_NETDB_H 1
| #define HAVE_NETINET_IN_H 1
| #define HAVE_STDDEF_H 1
| #define HAVE_STDLIB_H 1
| #define HAVE_STRING_H 1
| #define HAVE_SYS_IOCTL_H 1
| #define HAVE_SYS_SOCKET_H 1
| #define HAVE_SYS_TIME_H 1
| #define HAVE_SYS_TIMEB_H 1
| #define HAVE_SYS_WAIT_H 1
| #define HAVE_UNISTD_H 1
| #define HAVE_STRERROR 1
| #define HAVE_BCOPY 1
| #define HAVE_MEMMOVE 1
| #define SETPGRP_VOID 1
| #define RETSIGTYPE void
| #define HAVE_ATEXIT 1
| #define HAVE_GETCWD 1
| #define HAVE_GETHOSTBYADDR 1
| #define HAVE_GETHOSTBYNAME 1
| #define HAVE_INET_NTOA 1
| #define HAVE_LOCALTIME_R 1
| #define HAVE_MEMCHR 1
| #define HAVE_MEMMOVE 1
| #define HAVE_MEMSET 1
| #define HAVE_REGCOMP 1
| #define HAVE_SELECT 1
| #define HAVE_SETLOCALE 1
| #define HAVE_SOCKET 1
| #define HAVE_STRCHR 1
| #define HAVE_STRDUP 1
| #define HAVE_STRERROR 1
| #define HAVE_STRFTIME 1
| #define HAVE_STRSTR 1
| #define HAVE_STRTOUL 1
| /* end confdefs.h.  */
| 
| /* Override any GCC internal prototype to avoid an error.
|    Use char because int might match the return type of a GCC
|    builtin and then its argument prototype would still apply.  */
| #ifdef __cplusplus
| extern "C"
| #endif
| char pcrs_compile ();
| int
| main ()
| {
| return pcrs_compile ();
|   ;
|   return 0;
| }
configure:6021: result: no
configure:6352: creating ./config.status

## ---------------------- ##
## Running config.status. ##
## ---------------------- ##

This file was extended by config.status, which was
generated by GNU Autoconf 2.69.  Invocation command line was

  CONFIG_FILES    = 
  CONFIG_HEADERS  = 
  CONFIG_LINKS    = 
  CONFIG_COMMANDS = 
  $ ./config.status 

on pa-00011163-linux-barmstrong

config.status:912: creating GNUmakefile
config.status:1015: WARNING:  'GNUmakefile.in' seems to ignore the --datarootdir setting
config.status:912: creating doc/source/ldp.dsl
config.status:912: creating config.h
config.status:1087: config.h is unchanged

## ---------------- ##
## Cache variables. ##
## ---------------- ##

ac_cv_build=x86_64-unknown-linux-gnu
ac_cv_c_compiler_gnu=yes
ac_cv_c_const=yes
ac_cv_env_CC_set=
ac_cv_env_CC_value=
ac_cv_env_CFLAGS_set=
ac_cv_env_CFLAGS_value=
ac_cv_env_CPPFLAGS_set=
ac_cv_env_CPPFLAGS_value=
ac_cv_env_CPP_set=
ac_cv_env_CPP_value=
ac_cv_env_LDFLAGS_set=
ac_cv_env_LDFLAGS_value=
ac_cv_env_LIBS_set=
ac_cv_env_LIBS_value=
ac_cv_env_build_alias_set=
ac_cv_env_build_alias_value=
ac_cv_env_host_alias_set=set
ac_cv_env_host_alias_value=arm-none-linux-gnueabi
ac_cv_env_target_alias_set=
ac_cv_env_target_alias_value=
ac_cv_func_atexit=yes
ac_cv_func_bcopy=yes
ac_cv_func_getcwd=yes
ac_cv_func_gethostbyaddr=yes
ac_cv_func_gethostbyaddr_r=yes
ac_cv_func_gethostbyname=yes
ac_cv_func_gethostbyname_r=yes
ac_cv_func_gmtime_r=yes
ac_cv_func_inet_ntoa=yes
ac_cv_func_localtime_r=yes
ac_cv_func_memchr=yes
ac_cv_func_memmove=yes
ac_cv_func_memset=yes
ac_cv_func_regcomp=yes
ac_cv_func_select=yes
ac_cv_func_setlocale=yes
ac_cv_func_setpgrp_void=yes
ac_cv_func_socket=yes
ac_cv_func_strchr=yes
ac_cv_func_strdup=yes
ac_cv_func_strerror=yes
ac_cv_func_strftime=yes
ac_cv_func_strstr=yes
ac_cv_func_strtoul=yes
ac_cv_header_OS_h=no
ac_cv_header_arpa_inet_h=yes
ac_cv_header_dirent_dirent_h=yes
ac_cv_header_errno_h=yes
ac_cv_header_fcntl_h=yes
ac_cv_header_inttypes_h=yes
ac_cv_header_limits_h=yes
ac_cv_header_locale_h=yes
ac_cv_header_memory_h=yes
ac_cv_header_netdb_h=yes
ac_cv_header_netinet_in_h=yes
ac_cv_header_pthread_h=yes
ac_cv_header_stdc=yes
ac_cv_header_stddef_h=yes
ac_cv_header_stdint_h=yes
ac_cv_header_stdlib_h=yes
ac_cv_header_string_h=yes
ac_cv_header_strings_h=yes
ac_cv_header_sys_ioctl_h=yes
ac_cv_header_sys_socket_h=yes
ac_cv_header_sys_stat_h=yes
ac_cv_header_sys_time_h=yes
ac_cv_header_sys_timeb_h=yes
ac_cv_header_sys_types_h=yes
ac_cv_header_sys_wait_h=yes
ac_cv_header_time=yes
ac_cv_header_unistd_h=yes
ac_cv_host=arm-none-linux-gnueabi
ac_cv_lib_nsl_gethostbyname=yes
ac_cv_lib_pcre_pcre_compile=no
ac_cv_lib_pcreposix_regcomp=no
ac_cv_lib_pcrs_pcrs_compile=no
ac_cv_objext=o
ac_cv_path_BGROUPS=/bin/groups
ac_cv_path_EGREP='/usr/bin/grep -E'
ac_cv_path_GREP=/usr/bin/grep
ac_cv_path_ID=/bin/id
ac_cv_path_install='/usr/bin/install -c'
ac_cv_prog_AWK=gawk
ac_cv_prog_CPP='gcc -E'
ac_cv_prog_GDB=yes
ac_cv_prog_RPMBIN=rpm
ac_cv_prog_ac_ct_CC=gcc
ac_cv_prog_cc_c89=
ac_cv_prog_cc_g=yes
ac_cv_prog_gcc_traditional=no
ac_cv_prog_make_make_set=yes
ac_cv_search_opendir='none required'
ac_cv_sizeof_char_p=8
ac_cv_sizeof_int=4
ac_cv_sizeof_long=8
ac_cv_sizeof_long_long=8
ac_cv_sizeof_size_t=8
ac_cv_struct_tm=time.h
ac_cv_type_pid_t=yes
ac_cv_type_signal=void
ac_cv_type_size_t=yes

## ----------------- ##
## Output variables. ##
## ----------------- ##

AMIGAOS_ONLY='#'
AWK='gawk'
BGROUPS='/bin/groups'
CC='gcc'
CFLAGS='-pipe -O2'
CODE_STATUS='stable'
CPP='gcc -E'
CPPFLAGS=''
DB2HTML='false'
DEFS='-DHAVE_CONFIG_H'
DKPREFIX='none'
DOC_STATUS='p-stable'
ECHO_C=''
ECHO_N='-n'
ECHO_T=''
EGREP='/usr/bin/grep -E'
EXEEXT=''
GDB='yes'
GREP='/usr/bin/grep'
GROUP=''
ID='/bin/id'
INSTALL_DATA='${INSTALL} -m 644'
INSTALL_PROGRAM='${INSTALL}'
INSTALL_SCRIPT='${INSTALL}'
JADEBIN='false'
JADECAT=''
LDFLAGS=''
LIBOBJS=''
LIBS='-lnsl '
LN_S='ln -s'
LTLIBOBJS=''
MAN2HTML='false'
OBJEXT='o'
PACKAGE_BUGREPORT=''
PACKAGE_NAME=''
PACKAGE_STRING=''
PACKAGE_TARNAME=''
PACKAGE_URL=''
PACKAGE_VERSION=''
PATH_SEPARATOR=':'
PTHREAD_LIB=''
PTHREAD_ONLY=''
RPMBIN='rpm'
RPM_BASE='/home/brian/rpmbuild'
SET_MAKE=''
SHELL='/bin/sh'
SOCKET_LIB=''
SPECIAL_CFLAGS='-pthread'
STATIC_PCRE_ONLY=''
STATIC_PCRS_ONLY=''
USER=''
VERSION_MAJOR='3'
VERSION_MINOR='0'
VERSION_POINT='3'
WDUMP='false'
WIN_ONLY='#'
ac_ct_CC='gcc'
bindir='${exec_prefix}/bin'
build='x86_64-unknown-linux-gnu'
build_alias=''
build_cpu='x86_64'
build_os='linux-gnu'
build_vendor='unknown'
datadir='${datarootdir}'
datarootdir='${prefix}/share'
docdir='${datarootdir}/doc/${PACKAGE}'
dvidir='${docdir}'
exec_prefix='${prefix}'
host='arm-none-linux-gnueabi'
host_alias='arm-none-linux-gnueabi'
host_cpu='arm'
host_os='linux-gnueabi'
host_vendor='none'
htmldir='${docdir}'
includedir='${prefix}/include'
infodir='${datarootdir}/info'
libdir='${exec_prefix}/lib'
libexecdir='${exec_prefix}/libexec'
localedir='${datarootdir}/locale'
localstatedir='${prefix}/var'
mandir='${datarootdir}/man'
oldincludedir='/usr/include'
pdfdir='${docdir}'
prefix='/usr/local'
program_transform_name='s,x,x,'
psdir='${docdir}'
sbindir='${exec_prefix}/sbin'
sharedstatedir='${prefix}/com'
sysconfdir='${prefix}/etc'
target_alias=''

## ----------- ##
## confdefs.h. ##
## ----------- ##

/* confdefs.h */
#define PACKAGE_NAME ""
#define PACKAGE_TARNAME ""
#define PACKAGE_VERSION ""
#define PACKAGE_STRING ""
#define PACKAGE_BUGREPORT ""
#define PACKAGE_URL ""
#define VERSION_MAJOR 3
#define VERSION_MINOR 0
#define VERSION_POINT 3
#define VERSION "3.0.3"
#define CODE_STATUS "stable"
#define STDC_HEADERS 1
#define HAVE_SYS_TYPES_H 1
#define HAVE_SYS_STAT_H 1
#define HAVE_STDLIB_H 1
#define HAVE_STRING_H 1
#define HAVE_MEMORY_H 1
#define HAVE_STRINGS_H 1
#define HAVE_INTTYPES_H 1
#define HAVE_STDINT_H 1
#define HAVE_UNISTD_H 1
#define FEATURE_PTHREAD 1
#define HAVE_LIBNSL 1
#define HAVE_GETHOSTBYADDR_R_8_ARGS 1
#define HAVE_GETHOSTBYNAME_R_6_ARGS 1
#define HAVE_GMTIME_R 1
#define HAVE_LOCALTIME_R 1
#define STDC_HEADERS 1
#define HAVE_DIRENT_H 1
#define TIME_WITH_SYS_TIME 1
#define SIZEOF_INT 4
#define SIZEOF_CHAR_P 8
#define SIZEOF_LONG 8
#define SIZEOF_LONG_LONG 8
#define SIZEOF_SIZE_T 8
#define HAVE_ARPA_INET_H 1
#define HAVE_ERRNO_H 1
#define HAVE_FCNTL_H 1
#define HAVE_LIMITS_H 1
#define HAVE_LOCALE_H 1
#define HAVE_NETDB_H 1
#define HAVE_NETINET_IN_H 1
#define HAVE_STDDEF_H 1
#define HAVE_STDLIB_H 1
#define HAVE_STRING_H 1
#define HAVE_SYS_IOCTL_H 1
#define HAVE_SYS_SOCKET_H 1
#define HAVE_SYS_TIME_H 1
#define HAVE_SYS_TIMEB_H 1
#define HAVE_SYS_WAIT_H 1
#define HAVE_UNISTD_H 1
#define HAVE_STRERROR 1
#define HAVE_BCOPY 1
#define HAVE_MEMMOVE 1
#define SETPGRP_VOID 1
#define RETSIGTYPE void
#define HAVE_ATEXIT 1
#define HAVE_GETCWD 1
#define HAVE_GETHOSTBYADDR 1
#define HAVE_GETHOSTBYNAME 1
#define HAVE_INET_NTOA 1
#define HAVE_LOCALTIME_R 1
#define HAVE_MEMCHR 1
#define HAVE_MEMMOVE 1
#define HAVE_MEMSET 1
#define HAVE_REGCOMP 1
#define HAVE_SELECT 1
#define HAVE_SETLOCALE 1
#define HAVE_SOCKET 1
#define HAVE_STRCHR 1
#define HAVE_STRDUP 1
#define HAVE_STRERROR 1
#define HAVE_STRFTIME 1
#define HAVE_STRSTR 1
#define HAVE_STRTOUL 1
#define __MT__ 1
#define FEATURE_TOGGLE 1
#define FEATURE_FORCE_LOAD 1
#define FEATURE_FAST_REDIRECTS 1
#define FEATURE_KILL_POPUPS 1
#define FEATURE_STATISTICS 1
#define FEATURE_IMAGE_BLOCKING 1
#define FEATURE_ACL 1
#define FEATURE_TRUST 1
#define FEATURE_COOKIE_JAR 1
#define FEATURE_CGI_EDIT_ACTIONS 1
#define STATIC_PCRE 1
#define STATIC_PCRS 1

configure: exit 0
